[14:21:09] [main/INFO]: Setting user: Player292
[14:21:10] [Client thread/INFO]: LWJGL Version: 2.9.1
[14:21:19] [Client thread/INFO]: Reloading ResourceManager: Default, FMLFileResourcePack:Forge Mod Loader, FMLFileResourcePack:Minecraft Forge, FMLFileResourcePack:Shadow Craft
[14:21:20] [Sound Library Loader/INFO]: Sound engine started
[14:21:20] [Client thread/INFO]: Created: 16x16 textures/blocks-atlas
[14:21:20] [Client thread/INFO]: Created: 16x16 textures/items-atlas
[14:21:20] [Client thread/INFO]: Reloading ResourceManager: Default, FMLFileResourcePack:Forge Mod Loader, FMLFileResourcePack:Minecraft Forge, FMLFileResourcePack:Shadow Craft
[14:21:20] [Client thread/INFO]: Created: 512x256 textures/blocks-atlas
[14:21:20] [Client thread/INFO]: Created: 256x256 textures/items-atlas
[14:21:21] [Sound Library Loader/INFO]: Sound engine started
[14:21:25] [Server thread/INFO]: Starting integrated minecraft server version 1.7.10
[14:21:25] [Server thread/INFO]: Generating keypair
[14:21:25] [Server thread/INFO]: Preparing start region for level 0
[14:21:26] [Server thread/INFO]: Changing view distance to 12, from 10
[14:21:26] [Server thread/INFO]: Player292[local:E:830ce8cc] logged in with entity id 189 at (433.8221116090499, 4.0, 239.3459880923109)
[14:21:26] [Server thread/INFO]: Player292 присоединился к игре
[14:21:31] [Server thread/INFO]: Player292 заработал достижение [Проверить карманы]
[14:21:31] [Client thread/INFO]: [CHAT] Player292 заработал достижение [Проверить карманы]
[14:21:36] [Client thread/INFO]: [CHAT] /gamemode, /gamerule
[14:21:37] [Server thread/INFO]: [Player292: Ваш режим игры изменён на Творческий режим]
[14:21:37] [Client thread/INFO]: [CHAT] Ваш игровой режим обновлён
[14:21:50] [Server thread/WARN]: Can't keep up! Did the system time change, or is the server overloaded? Running 4236ms behind, skipping 84 tick(s)
[14:21:50] [Server thread/INFO]: Saving and pausing game...
[14:21:51] [Server thread/INFO]: Saving chunks for level 'New World'/Overworld
[14:21:51] [Server thread/INFO]: Saving chunks for level 'New World'/Nether
[14:21:51] [Server thread/INFO]: Saving chunks for level 'New World'/The End
[14:22:05] [Server thread/INFO]: Saving and pausing game...
[14:22:05] [Server thread/INFO]: Saving chunks for level 'New World'/Overworld
[14:22:05] [Server thread/INFO]: Saving chunks for level 'New World'/Nether
[14:22:05] [Server thread/INFO]: Saving chunks for level 'New World'/The End
[14:23:46] [Server thread/INFO]: Saving and pausing game...
[14:23:46] [Server thread/INFO]: Saving chunks for level 'New World'/Overworld
[14:23:46] [Server thread/INFO]: Saving chunks for level 'New World'/Nether
[14:23:46] [Server thread/INFO]: Saving chunks for level 'New World'/The End
[14:52:35] [Client thread/INFO]: Stopping!
[14:52:35] [Server thread/INFO]: Stopping server
[14:52:35] [Server thread/INFO]: Saving players
[14:52:35] [Server thread/INFO]: Saving worlds
[14:52:35] [Server thread/INFO]: Saving chunks for level 'New World'/Overworld
[14:52:35] [Server thread/INFO]: Saving chunks for level 'New World'/Nether
[14:52:35] [Server thread/INFO]: Saving chunks for level 'New World'/The End
